<?xml version="1.0" encoding="UTF-8"?>
<!-- Generated by org.testng.reporters.JUnitXMLReporter -->
<testsuite ignored="0" hostname="LAPTOP-HO82ILSL" failures="0" tests="17" name="Default test" time="17.271" errors="0" timestamp="2023-02-16T12:52:55 IST">
  <testcase classname="API.testreqres" name="afterTest" time="0.005"/>
  <testcase classname="API.testreqres" name="beforeTest" time="0.462"/>
  <testcase classname="API.testreqres" name="list_users" time="2.209"/>
  <testcase classname="API.testreqres" name="single_user" time="0.477"/>
  <testcase classname="API.testreqres" name="single_user_not_found" time="1.117"/>
  <testcase classname="API.testreqres" name="list_resourse" time="0.634"/>
  <testcase classname="API.testreqres" name="list_single_resource" time="0.592"/>
  <testcase classname="API.testreqres" name="single_resource_not_found" time="1.021"/>
  <testcase classname="API.testreqres" name="create" time="1.026"/>
  <testcase classname="API.testreqres" name="update" time="0.917"/>
  <testcase classname="API.testreqres" name="patch_update" time="0.912"/>
  <testcase classname="API.testreqres" name="delete_user" time="0.891"/>
  <testcase classname="API.testreqres" name="register_succesful" time="0.742"/>
  <testcase classname="API.testreqres" name="registration_unsuccesfull" time="0.919"/>
  <testcase classname="API.testreqres" name="login_succesful" time="0.714"/>
  <testcase classname="API.testreqres" name="login_unsuccesful" time="0.817"/>
  <testcase classname="API.testreqres" name="delayed_response" time="3.692"/>
</testsuite> <!-- Default test -->
